[1107/004725.143:ERROR:cache_util_win.cc(20)] Unable to move the cache: Access is denied. (0x5)
[1107/004725.143:ERROR:cache_util_win.cc(20)] Unable to move the cache: Access is denied. (0x5)
[1107/004725.145:ERROR:disk_cache.cc(205)] Unable to create cache
[1107/004725.145:ERROR:gpu_disk_cache.cc(673)] Gpu Cache Creation failed: -2
[1107/004725.145:ERROR:disk_cache.cc(205)] Unable to create cache
[1107/004725.145:ERROR:gpu_disk_cache.cc(673)] Gpu Cache Creation failed: -2
[1107/004727.085:ERROR:cache_util_win.cc(20)] Unable to move the cache: Access is denied. (0x5)
[1107/004727.086:ERROR:disk_cache.cc(205)] Unable to create cache
[1107/004729.938:ERROR:cache_util_win.cc(20)] Unable to move the cache: Access is denied. (0x5)
[1107/004729.938:ERROR:cache_util_win.cc(20)] Unable to move the cache: Access is denied. (0x5)
[1107/004729.940:ERROR:disk_cache.cc(205)] Unable to create cache
[1107/004729.940:ERROR:gpu_disk_cache.cc(673)] Gpu Cache Creation failed: -2
[1107/004729.940:ERROR:disk_cache.cc(205)] Unable to create cache
[1107/004729.940:ERROR:gpu_disk_cache.cc(673)] Gpu Cache Creation failed: -2
[1107/004729.977:INFO:CONSOLE(0)] "Error with Permissions-Policy header: Feature xr-spatial-tracking's parameters are ignored.", source:  (0)
[1107/004729.977:INFO:CONSOLE(0)] "Error with Permissions-Policy header: Origin trial controlled feature not enabled: 'attribution-reporting'.", source:  (0)
[1107/004729.978:INFO:CONSOLE(0)] "Error with Permissions-Policy header: Unrecognized feature: 'compute-pressure'.", source:  (0)
[1107/004729.978:INFO:CONSOLE(0)] "Error with Permissions-Policy header: Origin trial controlled feature not enabled: 'interest-cohort'.", source:  (0)
[1107/004729.978:INFO:CONSOLE(0)] "Error with Permissions-Policy header: Unrecognized feature: 'private-state-token-issuance'.", source:  (0)
[1107/004729.978:INFO:CONSOLE(0)] "Error with Permissions-Policy header: Origin trial controlled feature not enabled: 'shared-storage'.", source:  (0)
[1107/004729.978:INFO:CONSOLE(0)] "Error with Permissions-Policy header: Unrecognized feature: 'shared-storage-select-url'.", source:  (0)
[1107/004729.978:INFO:CONSOLE(0)] "Error with Permissions-Policy header: Unrecognized feature: 'private-state-token-redemption'.", source:  (0)
[1107/004729.978:INFO:CONSOLE(0)] "Error with Permissions-Policy header: Unrecognized feature: 'unload'.", source:  (0)
[1107/004729.978:INFO:CONSOLE(0)] "Error with Permissions-Policy header: Unrecognized feature: 'window-management'.", source:  (0)
[1107/004729.978:INFO:CONSOLE(0)] "Document-Policy HTTP header: Unrecognized document policy feature name include-js-call-stacks-in-crash-reports.", source: https://web.whatsapp.com/ (0)
[1107/004730.018:INFO:CONSOLE(0)] "Error with Permissions-Policy header: Feature xr-spatial-tracking's parameters are ignored.", source:  (0)
[1107/004730.019:INFO:CONSOLE(0)] "Error with Permissions-Policy header: Origin trial controlled feature not enabled: 'attribution-reporting'.", source:  (0)
[1107/004730.019:INFO:CONSOLE(0)] "Error with Permissions-Policy header: Unrecognized feature: 'compute-pressure'.", source:  (0)
[1107/004730.019:INFO:CONSOLE(0)] "Error with Permissions-Policy header: Origin trial controlled feature not enabled: 'interest-cohort'.", source:  (0)
[1107/004730.019:INFO:CONSOLE(0)] "Error with Permissions-Policy header: Unrecognized feature: 'private-state-token-issuance'.", source:  (0)
[1107/004730.019:INFO:CONSOLE(0)] "Error with Permissions-Policy header: Origin trial controlled feature not enabled: 'shared-storage'.", source:  (0)
[1107/004730.019:INFO:CONSOLE(0)] "Error with Permissions-Policy header: Unrecognized feature: 'shared-storage-select-url'.", source:  (0)
[1107/004730.019:INFO:CONSOLE(0)] "Error with Permissions-Policy header: Unrecognized feature: 'private-state-token-redemption'.", source:  (0)
[1107/004730.019:INFO:CONSOLE(0)] "Error with Permissions-Policy header: Unrecognized feature: 'unload'.", source:  (0)
[1107/004730.019:INFO:CONSOLE(0)] "Error with Permissions-Policy header: Unrecognized feature: 'window-management'.", source:  (0)
[1107/004730.019:INFO:CONSOLE(0)] "Document-Policy HTTP header: Unrecognized document policy feature name include-js-call-stacks-in-crash-reports.", source: https://web.whatsapp.com/ (0)
[1107/004735.720:INFO:CONSOLE(113)] "Event handler of 'x-storagemutated-1' event must be added on the initial evaluation of worker script.", source: https://static.whatsapp.net/rsrc.php/v4/yb/r/LN6ZKVgFUso.js (113)
[1107/004737.492:ERROR:quota_database.cc(929)] Could not open the quota database, resetting.
[1107/004742.406:ERROR:quota_database.cc(929)] Could not open the quota database, resetting.
[1107/004745.314:ERROR:quota_database.cc(931)] Failed to reset the quota database.
[1107/004745.314:ERROR:quota_database.cc(931)] Failed to reset the quota database.
[1107/004747.125:INFO:CONSOLE(77)] "ErrorUtils caught an error:

Internal error.
 UnknownError: Internal error.

Subsequent non-fatal errors won't be logged; see https://fburl.com/debugjs. [object Object]", source: https://static.whatsapp.net/rsrc.php/v4/yK/r/WIE3S9rDYYg.js (77)
[1107/004839.546:INFO:CONSOLE(113)] "Event handler of 'x-storagemutated-1' event must be added on the initial evaluation of worker script.", source: https://static.whatsapp.net/rsrc.php/v4/yb/r/LN6ZKVgFUso.js (113)
[1107/005018.974:INFO:CONSOLE(77)] "ErrorUtils caught an error:

window is not defined

Subsequent non-fatal errors won't be logged; see https://fburl.com/debugjs. [object Object]", source: https://static.whatsapp.net/rsrc.php/v4/yK/r/WIE3S9rDYYg.js (77)
[1107/005020.385:INFO:CONSOLE(113)] "Event handler of 'x-storagemutated-1' event must be added on the initial evaluation of worker script.", source: https://static.whatsapp.net/rsrc.php/v4/yb/r/LN6ZKVgFUso.js (113)
[1107/005110.983:INFO:CONSOLE(113)] "Event handler of 'x-storagemutated-1' event must be added on the initial evaluation of worker script.", source: https://static.whatsapp.net/rsrc.php/v4/yb/r/LN6ZKVgFUso.js (113)
